2021-02-18T03:38:35.883Z: Checking state of dynamic postgres partitions
2021-02-18T03:38:40.995Z: Checking state of dynamic postgres partitions
2021-02-18T03:39:50.812Z: ActiveRecord connection established
2021-02-18T03:39:53.111Z: Checking state of dynamic postgres partitions
2021-02-18T03:40:22.721Z: ActiveRecord connection disconnected
2021-02-18T03:40:22.980Z: ActiveRecord connection established
2021-02-18T03:40:22.991Z: ActiveRecord connection established
2021-02-18T04:00:36.611Z: StuckCiJobsWorker: Cleaning stuck builds
2021-02-18T04:38:43.919Z: Checking state of dynamic postgres partitions
2021-02-18T04:38:43.921Z: Checking state of dynamic postgres partitions
2021-02-18T04:40:46.026Z: Checking state of dynamic postgres partitions
2021-02-18T04:40:46.088Z: Checking state of dynamic postgres partitions
2021-02-18T04:41:57.873Z: ActiveRecord connection disconnected
2021-02-18T04:41:58.277Z: ActiveRecord connection established
2021-02-18T04:41:58.387Z: ActiveRecord connection established
2021-02-18T15:47:09.791Z: Checking state of dynamic postgres partitions
2021-02-18T15:47:09.801Z: Checking state of dynamic postgres partitions
2021-02-18T15:49:25.133Z: ActiveRecord connection disconnected
2021-02-18T15:49:25.635Z: ActiveRecord connection established
2021-02-18T15:49:25.636Z: ActiveRecord connection established
2021-02-18T16:00:03.768Z: StuckCiJobsWorker: Cleaning stuck builds
2021-02-18T16:34:13.764Z: Checking state of dynamic postgres partitions
2021-02-18T16:34:13.765Z: Checking state of dynamic postgres partitions
2021-02-18T16:35:10.250Z: ActiveRecord connection established
2021-02-18T16:35:12.334Z: Checking state of dynamic postgres partitions
2021-02-18T16:35:17.660Z: ActiveRecord connection disconnected
2021-02-18T16:35:18.328Z: ActiveRecord connection established
2021-02-18T16:35:18.495Z: ActiveRecord connection established
2021-02-18T17:00:20.212Z: StuckCiJobsWorker: Cleaning stuck builds
2021-02-18T17:11:35.938Z: Checking state of dynamic postgres partitions
2021-02-18T17:11:35.938Z: Checking state of dynamic postgres partitions
2021-02-18T17:12:23.745Z: ActiveRecord connection established
2021-02-18T17:12:25.306Z: Checking state of dynamic postgres partitions
2021-02-18T17:12:40.228Z: ActiveRecord connection disconnected
2021-02-18T17:12:40.465Z: ActiveRecord connection established
2021-02-18T17:12:40.475Z: ActiveRecord connection established
2021-02-18T17:17:27.004Z: Checking state of dynamic postgres partitions
2021-02-18T17:17:32.387Z: Checking state of dynamic postgres partitions
2021-02-18T17:18:15.888Z: ActiveRecord connection disconnected
2021-02-18T17:18:16.334Z: ActiveRecord connection established
2021-02-18T17:18:16.347Z: ActiveRecord connection established
2021-02-18T17:18:26.383Z: ActiveRecord connection established
2021-02-18T17:18:27.301Z: Checking state of dynamic postgres partitions
2021-02-18T17:25:17.026Z: Checking state of dynamic postgres partitions
2021-02-18T17:25:23.407Z: Checking state of dynamic postgres partitions
2021-02-18T17:26:14.452Z: ActiveRecord connection disconnected
2021-02-18T17:26:14.830Z: ActiveRecord connection established
2021-02-18T17:26:14.917Z: ActiveRecord connection established
2021-02-18T17:26:18.515Z: ActiveRecord connection established
2021-02-18T17:26:19.706Z: Checking state of dynamic postgres partitions
2021-02-18T17:37:52.601Z: Successful Login: username=root ip=172.18.0.2 method=standard admin=true
2021-02-18T17:44:51.235Z: Checking state of dynamic postgres partitions
2021-02-18T17:44:51.237Z: Checking state of dynamic postgres partitions
2021-02-18T17:46:56.372Z: Checking state of dynamic postgres partitions
2021-02-18T17:47:03.947Z: Checking state of dynamic postgres partitions
2021-02-18T17:47:56.307Z: ActiveRecord connection established
2021-02-18T17:47:58.477Z: Checking state of dynamic postgres partitions
2021-02-18T17:48:23.720Z: ActiveRecord connection disconnected
2021-02-18T17:48:24.043Z: ActiveRecord connection established
2021-02-18T17:48:24.044Z: ActiveRecord connection established
2021-02-18T18:00:03.942Z: StuckCiJobsWorker: Cleaning stuck builds
2021-02-18T18:11:31.744Z: Checking state of dynamic postgres partitions
2021-02-18T18:11:31.911Z: Checking state of dynamic postgres partitions
2021-02-18T18:12:20.606Z: ActiveRecord connection established
2021-02-18T18:12:22.363Z: Checking state of dynamic postgres partitions
2021-02-18T18:13:04.073Z: ActiveRecord connection disconnected
2021-02-18T18:13:04.283Z: ActiveRecord connection established
2021-02-18T18:13:04.399Z: ActiveRecord connection established
2021-02-18T18:21:01.714Z: Checking state of dynamic postgres partitions
2021-02-18T18:40:02.039Z: Checking state of dynamic postgres partitions
2021-02-18T18:40:02.580Z: Checking state of dynamic postgres partitions
2021-02-18T18:41:09.107Z: ActiveRecord connection disconnected
2021-02-18T18:41:09.590Z: ActiveRecord connection established
2021-02-18T18:41:09.603Z: ActiveRecord connection established
2021-02-18T18:41:11.883Z: ActiveRecord connection established
2021-02-18T18:41:12.957Z: Checking state of dynamic postgres partitions
2021-02-18T19:00:11.294Z: StuckCiJobsWorker: Cleaning stuck builds
2021-02-18T19:04:11.470Z: Checking state of dynamic postgres partitions
2021-02-18T19:04:15.462Z: Checking state of dynamic postgres partitions
2021-02-18T19:05:09.669Z: ActiveRecord connection disconnected
2021-02-18T19:05:09.870Z: ActiveRecord connection established
2021-02-18T19:05:09.968Z: ActiveRecord connection established
2021-02-18T19:05:14.299Z: ActiveRecord connection established
2021-02-18T19:05:15.209Z: Checking state of dynamic postgres partitions
2021-02-18T19:13:04.351Z: Checking state of dynamic postgres partitions
2021-02-18T19:13:17.290Z: Checking state of dynamic postgres partitions
2021-02-18T19:14:32.078Z: ActiveRecord connection established
2021-02-18T19:14:36.969Z: Checking state of dynamic postgres partitions
2021-02-18T19:16:10.642Z: ActiveRecord connection disconnected
2021-02-18T19:16:11.322Z: ActiveRecord connection established
2021-02-18T19:16:11.388Z: ActiveRecord connection established
2021-02-18T19:26:11.337Z: Checking state of dynamic postgres partitions
2021-02-18T19:26:11.338Z: Checking state of dynamic postgres partitions
2021-02-18T19:30:41.472Z: Checking state of dynamic postgres partitions
2021-02-18T19:30:48.521Z: Checking state of dynamic postgres partitions
2021-02-18T19:32:44.965Z: ActiveRecord connection disconnected
2021-02-18T19:32:45.839Z: ActiveRecord connection established
2021-02-18T19:32:45.839Z: ActiveRecord connection established
2021-02-18T19:32:46.257Z: ActiveRecord connection established
2021-02-18T19:32:50.401Z: Checking state of dynamic postgres partitions
2021-02-18T19:39:22.997Z: Gitlab::Metrics::Samplers::GlobalSearchSampler: Error connecting to Redis on /var/opt/gitlab/redis/redis.socket (Errno::ENOENT), stopping
2021-02-18T19:43:16.249Z: Checking state of dynamic postgres partitions
2021-02-18T19:43:16.254Z: Checking state of dynamic postgres partitions
2021-02-18T19:43:50.898Z: ActiveRecord connection established
2021-02-18T19:43:54.405Z: Checking state of dynamic postgres partitions
2021-02-18T19:45:34.050Z: ActiveRecord connection disconnected
2021-02-18T19:45:34.708Z: ActiveRecord connection established
2021-02-18T19:45:34.715Z: ActiveRecord connection established
2021-02-18T19:51:16.184Z: Checking state of dynamic postgres partitions
2021-02-18T19:51:16.218Z: Checking state of dynamic postgres partitions
2021-02-18T19:51:54.621Z: ActiveRecord connection established
2021-02-18T19:51:58.632Z: Checking state of dynamic postgres partitions
2021-02-18T19:56:28.771Z: Checking state of dynamic postgres partitions
2021-02-18T19:56:35.370Z: Checking state of dynamic postgres partitions
2021-02-18T19:57:21.839Z: ActiveRecord connection established
2021-02-18T19:57:26.909Z: Checking state of dynamic postgres partitions
2021-02-18T19:58:54.148Z: ActiveRecord connection disconnected
2021-02-18T19:58:54.702Z: ActiveRecord connection established
2021-02-18T19:58:54.799Z: ActiveRecord connection established
2021-02-18T20:00:07.642Z: StuckCiJobsWorker: Cleaning stuck builds
2021-02-18T20:08:27.726Z: Checking state of dynamic postgres partitions
2021-02-18T20:08:36.020Z: Checking state of dynamic postgres partitions
2021-02-18T20:10:04.359Z: ActiveRecord connection established
2021-02-18T20:10:07.348Z: Checking state of dynamic postgres partitions
2021-02-18T20:10:23.449Z: ActiveRecord connection disconnected
2021-02-18T20:10:23.863Z: ActiveRecord connection established
2021-02-18T20:10:23.882Z: ActiveRecord connection established
2021-02-18T20:20:23.163Z: Checking state of dynamic postgres partitions
2021-02-18T20:20:23.166Z: Checking state of dynamic postgres partitions
2021-02-18T20:21:17.274Z: ActiveRecord connection established
2021-02-18T20:21:18.999Z: Checking state of dynamic postgres partitions
2021-02-18T20:21:25.427Z: ActiveRecord connection disconnected
2021-02-18T20:21:25.657Z: ActiveRecord connection established
2021-02-18T20:21:25.669Z: ActiveRecord connection established
